D, [2015-04-20T07:20:47.184310 #1131] DEBUG -- : 
D, [2015-04-20T07:20:47.184428 #1131] DEBUG -- : 
I, [2015-04-20T07:20:47.184754 #1131]  INFO -- : Started GET "/" for ::1 at 2015-04-20 07:20:47 +0100
D, [2015-04-20T07:20:47.696333 #1131] DEBUG -- :   [1m[36mActiveRecord::SchemaMigration Load (8.1ms)[0m  [1mSELECT "schema_migrations".* FROM "schema_migrations"[0m
I, [2015-04-20T07:20:47.869342 #1131]  INFO -- : Processing by StoreController#index as HTML
D, [2015-04-20T07:20:47.974375 #1131] DEBUG -- :   [1m[35mCart Load (16.4ms)[0m  SELECT  "carts".* FROM "carts" WHERE "carts"."id" = ? LIMIT 1  [["id", 61]]
D, [2015-04-20T07:20:48.051689 #1131] DEBUG -- :   [1m[36mProduct Load (3.4ms)[0m  [1mSELECT  "products".* FROM "products"  ORDER BY "products"."updated_at" DESC LIMIT 1[0m
D, [2015-04-20T07:20:48.062006 #1131] DEBUG -- :   Cache digest for app/views/store/index.html.erb: a93d4e2e981ab3dfce98a095c3b6c059
I, [2015-04-20T07:20:48.074508 #1131]  INFO -- : Read fragment views/store/products/2-20141022062504570899000/a93d4e2e981ab3dfce98a095c3b6c059 (11.1ms)
I, [2015-04-20T07:20:48.074969 #1131]  INFO -- :   Rendered store/index.html.erb within layouts/application (30.6ms)
D, [2015-04-20T07:20:48.953735 #1131] DEBUG -- :   [1m[35mLineItem Exists (5.7ms)[0m  SELECT  1 AS one FROM "line_items" WHERE "line_items"."cart_id" = ? LIMIT 1  [["cart_id", 61]]
D, [2015-04-20T07:20:48.996770 #1131] DEBUG -- :   [1m[36mLineItem Load (13.2ms)[0m  [1mSELECT "line_items".* FROM "line_items" WHERE "line_items"."cart_id" = ?[0m  [["cart_id", 61]]
D, [2015-04-20T07:20:49.042289 #1131] DEBUG -- :   [1m[35mProduct Load (0.3ms)[0m  SELECT  "products".* FROM "products" WHERE "products"."id" = ? LIMIT 1  [["id", 1]]
D, [2015-04-20T07:20:49.112094 #1131] DEBUG -- :   [1m[36mProduct Load (0.2ms)[0m  [1mSELECT  "products".* FROM "products" WHERE "products"."id" = ? LIMIT 1[0m  [["id", 2]]
I, [2015-04-20T07:20:49.113084 #1131]  INFO -- :   Rendered line_items/_line_item.html.erb (74.2ms)
I, [2015-04-20T07:20:49.116495 #1131]  INFO -- :   Rendered carts/_cart.html.erb (134.8ms)
I, [2015-04-20T07:20:49.117194 #1131]  INFO -- : Completed 200 OK in 1248ms (Views: 1109.3ms | ActiveRecord: 40.5ms)
D, [2015-04-20T07:20:49.411968 #1131] DEBUG -- : 
D, [2015-04-20T07:20:49.412123 #1131] DEBUG -- : 
I, [2015-04-20T07:20:49.412451 #1131]  INFO -- : Started GET "/assets/admin.css?body=1" for ::1 at 2015-04-20 07:20:49 +0100
D, [2015-04-20T07:20:49.478180 #1131] DEBUG -- : 
D, [2015-04-20T07:20:49.480753 #1131] DEBUG -- : 
I, [2015-04-20T07:20:49.483561 #1131]  INFO -- : Started GET "/assets/line_items.css?body=1" for ::1 at 2015-04-20 07:20:49 +0100
D, [2015-04-20T07:20:49.512866 #1131] DEBUG -- : 
D, [2015-04-20T07:20:49.512949 #1131] DEBUG -- : 
I, [2015-04-20T07:20:49.513198 #1131]  INFO -- : Started GET "/assets/carts.css?body=1" for ::1 at 2015-04-20 07:20:49 +0100
D, [2015-04-20T07:20:49.522800 #1131] DEBUG -- : 
D, [2015-04-20T07:20:49.523252 #1131] DEBUG -- : 
I, [2015-04-20T07:20:49.523563 #1131]  INFO -- : Started GET "/assets/orders.css?body=1" for ::1 at 2015-04-20 07:20:49 +0100
D, [2015-04-20T07:20:49.531868 #1131] DEBUG -- : 
D, [2015-04-20T07:20:49.532037 #1131] DEBUG -- : 
I, [2015-04-20T07:20:49.532288 #1131]  INFO -- : Started GET "/assets/products.css?body=1" for ::1 at 2015-04-20 07:20:49 +0100
D, [2015-04-20T07:20:49.541320 #1131] DEBUG -- : 
D, [2015-04-20T07:20:49.541404 #1131] DEBUG -- : 
I, [2015-04-20T07:20:49.541642 #1131]  INFO -- : Started GET "/assets/sessions.css?body=1" for ::1 at 2015-04-20 07:20:49 +0100
D, [2015-04-20T07:20:49.555013 #1131] DEBUG -- : 
D, [2015-04-20T07:20:49.555268 #1131] DEBUG -- : 
I, [2015-04-20T07:20:49.555922 #1131]  INFO -- : Started GET "/assets/scaffolds.css?body=1" for ::1 at 2015-04-20 07:20:49 +0100
D, [2015-04-20T07:20:49.585107 #1131] DEBUG -- : 
D, [2015-04-20T07:20:49.585271 #1131] DEBUG -- : 
I, [2015-04-20T07:20:49.585558 #1131]  INFO -- : Started GET "/assets/static_pages.css?body=1" for ::1 at 2015-04-20 07:20:49 +0100
D, [2015-04-20T07:20:49.599502 #1131] DEBUG -- : 
D, [2015-04-20T07:20:49.599609 #1131] DEBUG -- : 
I, [2015-04-20T07:20:49.600053 #1131]  INFO -- : Started GET "/assets/store.css?body=1" for ::1 at 2015-04-20 07:20:49 +0100
D, [2015-04-20T07:20:49.614852 #1131] DEBUG -- : 
D, [2015-04-20T07:20:49.615013 #1131] DEBUG -- : 
I, [2015-04-20T07:20:49.615332 #1131]  INFO -- : Started GET "/assets/application.css?body=1" for ::1 at 2015-04-20 07:20:49 +0100
D, [2015-04-20T07:20:49.650226 #1131] DEBUG -- : 
D, [2015-04-20T07:20:49.654632 #1131] DEBUG -- : 
I, [2015-04-20T07:20:49.655228 #1131]  INFO -- : Started GET "/assets/users.css?body=1" for ::1 at 2015-04-20 07:20:49 +0100
D, [2015-04-20T07:20:49.663311 #1131] DEBUG -- : 
D, [2015-04-20T07:20:49.663490 #1131] DEBUG -- : 
I, [2015-04-20T07:20:49.663818 #1131]  INFO -- : Started GET "/assets/jquery-ui/effect-blind.js?body=1" for ::1 at 2015-04-20 07:20:49 +0100
D, [2015-04-20T07:20:49.677704 #1131] DEBUG -- : 
D, [2015-04-20T07:20:49.677865 #1131] DEBUG -- : 
I, [2015-04-20T07:20:49.678203 #1131]  INFO -- : Started GET "/assets/jquery-ui/effect.js?body=1" for ::1 at 2015-04-20 07:20:49 +0100
D, [2015-04-20T07:20:49.688393 #1131] DEBUG -- : 
D, [2015-04-20T07:20:49.688542 #1131] DEBUG -- : 
I, [2015-04-20T07:20:49.688804 #1131]  INFO -- : Started GET "/assets/jquery.js?body=1" for ::1 at 2015-04-20 07:20:49 +0100
D, [2015-04-20T07:20:49.757447 #1131] DEBUG -- : 
D, [2015-04-20T07:20:49.757851 #1131] DEBUG -- : 
I, [2015-04-20T07:20:49.759518 #1131]  INFO -- : Started GET "/assets/jquery_ujs.js?body=1" for ::1 at 2015-04-20 07:20:49 +0100
D, [2015-04-20T07:20:49.782475 #1131] DEBUG -- : 
D, [2015-04-20T07:20:49.787249 #1131] DEBUG -- : 
I, [2015-04-20T07:20:49.788318 #1131]  INFO -- : Started GET "/assets/turbolinks.js?body=1" for ::1 at 2015-04-20 07:20:49 +0100
D, [2015-04-20T07:20:49.821063 #1131] DEBUG -- : 
D, [2015-04-20T07:20:49.821406 #1131] DEBUG -- : 
I, [2015-04-20T07:20:49.821965 #1131]  INFO -- : Started GET "/assets/admin.js?body=1" for ::1 at 2015-04-20 07:20:49 +0100
D, [2015-04-20T07:20:49.830330 #1131] DEBUG -- : 
D, [2015-04-20T07:20:49.830480 #1131] DEBUG -- : 
I, [2015-04-20T07:20:49.830751 #1131]  INFO -- : Started GET "/assets/carts.js?body=1" for ::1 at 2015-04-20 07:20:49 +0100
D, [2015-04-20T07:20:49.853552 #1131] DEBUG -- : 
D, [2015-04-20T07:20:49.854011 #1131] DEBUG -- : 
I, [2015-04-20T07:20:49.854658 #1131]  INFO -- : Started GET "/assets/line_items.js?body=1" for ::1 at 2015-04-20 07:20:49 +0100
D, [2015-04-20T07:20:49.867852 #1131] DEBUG -- : 
D, [2015-04-20T07:20:49.868153 #1131] DEBUG -- : 
I, [2015-04-20T07:20:49.868443 #1131]  INFO -- : Started GET "/assets/orders.js?body=1" for ::1 at 2015-04-20 07:20:49 +0100
D, [2015-04-20T07:20:49.907154 #1131] DEBUG -- : 
D, [2015-04-20T07:20:49.907564 #1131] DEBUG -- : 
I, [2015-04-20T07:20:49.908067 #1131]  INFO -- : Started GET "/assets/static_pages.js?body=1" for ::1 at 2015-04-20 07:20:49 +0100
D, [2015-04-20T07:20:49.925639 #1131] DEBUG -- : 
D, [2015-04-20T07:20:49.925969 #1131] DEBUG -- : 
I, [2015-04-20T07:20:49.926315 #1131]  INFO -- : Started GET "/assets/store.js?body=1" for ::1 at 2015-04-20 07:20:49 +0100
D, [2015-04-20T07:20:49.942226 #1131] DEBUG -- : 
D, [2015-04-20T07:20:49.945823 #1131] DEBUG -- : 
I, [2015-04-20T07:20:49.946387 #1131]  INFO -- : Started GET "/assets/products.js?body=1" for ::1 at 2015-04-20 07:20:49 +0100
D, [2015-04-20T07:20:49.955942 #1131] DEBUG -- : 
D, [2015-04-20T07:20:49.956202 #1131] DEBUG -- : 
I, [2015-04-20T07:20:49.956628 #1131]  INFO -- : Started GET "/assets/sessions.js?body=1" for ::1 at 2015-04-20 07:20:49 +0100
D, [2015-04-20T07:20:49.980864 #1131] DEBUG -- : 
D, [2015-04-20T07:20:49.981249 #1131] DEBUG -- : 
I, [2015-04-20T07:20:49.992733 #1131]  INFO -- : Started GET "/assets/users.js?body=1" for ::1 at 2015-04-20 07:20:49 +0100
D, [2015-04-20T07:20:50.006550 #1131] DEBUG -- : 
D, [2015-04-20T07:20:50.006701 #1131] DEBUG -- : 
I, [2015-04-20T07:20:50.007361 #1131]  INFO -- : Started GET "/assets/application.js?body=1" for ::1 at 2015-04-20 07:20:50 +0100
D, [2015-04-20T07:20:50.327407 #1131] DEBUG -- : 
D, [2015-04-20T07:20:50.359865 #1131] DEBUG -- : 
I, [2015-04-20T07:20:50.361282 #1131]  INFO -- : Started GET "/assets/est%202014%20tee.jpg" for ::1 at 2015-04-20 07:20:50 +0100
D, [2015-04-20T07:20:50.393416 #1131] DEBUG -- : 
D, [2015-04-20T07:20:50.393576 #1131] DEBUG -- : 
I, [2015-04-20T07:20:50.393754 #1131]  INFO -- : Started GET "/assets/camo%20print%20tee.jpg" for ::1 at 2015-04-20 07:20:50 +0100
D, [2015-04-20T07:20:50.427490 #1131] DEBUG -- : 
D, [2015-04-20T07:20:50.445647 #1131] DEBUG -- : 
I, [2015-04-20T07:20:50.446240 #1131]  INFO -- : Started GET "/assets/king%20logos.png" for ::1 at 2015-04-20 07:20:50 +0100
D, [2015-04-20T07:20:55.642958 #1131] DEBUG -- : 
D, [2015-04-20T07:20:55.643179 #1131] DEBUG -- : 
I, [2015-04-20T07:20:55.643435 #1131]  INFO -- : Started GET "/" for ::1 at 2015-04-20 07:20:55 +0100
I, [2015-04-20T07:20:55.648646 #1131]  INFO -- : Processing by StoreController#index as HTML
D, [2015-04-20T07:20:55.649936 #1131] DEBUG -- :   [1m[35mCart Load (0.2ms)[0m  SELECT  "carts".* FROM "carts" WHERE "carts"."id" = ? LIMIT 1  [["id", 61]]
D, [2015-04-20T07:20:55.655289 #1131] DEBUG -- :   [1m[36mProduct Load (0.4ms)[0m  [1mSELECT  "products".* FROM "products"  ORDER BY "products"."updated_at" DESC LIMIT 1[0m
D, [2015-04-20T07:20:55.657036 #1131] DEBUG -- :   Cache digest for app/views/store/index.html.erb: a93d4e2e981ab3dfce98a095c3b6c059
I, [2015-04-20T07:20:55.657877 #1131]  INFO -- : Read fragment views/store/products/2-20141022062504570899000/a93d4e2e981ab3dfce98a095c3b6c059 (0.3ms)
I, [2015-04-20T07:20:55.658173 #1131]  INFO -- :   Rendered store/index.html.erb within layouts/application (5.2ms)
D, [2015-04-20T07:20:55.920966 #1131] DEBUG -- :   [1m[35mLineItem Exists (0.2ms)[0m  SELECT  1 AS one FROM "line_items" WHERE "line_items"."cart_id" = ? LIMIT 1  [["cart_id", 61]]
D, [2015-04-20T07:20:55.924020 #1131] DEBUG -- :   [1m[36mLineItem Load (0.2ms)[0m  [1mSELECT "line_items".* FROM "line_items" WHERE "line_items"."cart_id" = ?[0m  [["cart_id", 61]]
D, [2015-04-20T07:20:55.927002 #1131] DEBUG -- :   [1m[35mProduct Load (0.1ms)[0m  SELECT  "products".* FROM "products" WHERE "products"."id" = ? LIMIT 1  [["id", 1]]
D, [2015-04-20T07:20:55.928636 #1131] DEBUG -- :   [1m[36mProduct Load (0.1ms)[0m  [1mSELECT  "products".* FROM "products" WHERE "products"."id" = ? LIMIT 1[0m  [["id", 2]]
I, [2015-04-20T07:20:55.929472 #1131]  INFO -- :   Rendered line_items/_line_item.html.erb (3.8ms)
I, [2015-04-20T07:20:55.931327 #1131]  INFO -- :   Rendered carts/_cart.html.erb (8.8ms)
I, [2015-04-20T07:20:55.931856 #1131]  INFO -- : Completed 200 OK in 283ms (Views: 280.2ms | ActiveRecord: 1.1ms)
D, [2015-04-20T07:20:55.972066 #1131] DEBUG -- : 
D, [2015-04-20T07:20:55.972382 #1131] DEBUG -- : 
I, [2015-04-20T07:20:55.972781 #1131]  INFO -- : Started GET "/assets/king%20logos.png" for ::1 at 2015-04-20 07:20:55 +0100
D, [2015-04-20T07:21:21.564956 #1131] DEBUG -- : 
D, [2015-04-20T07:21:21.565648 #1131] DEBUG -- : 
I, [2015-04-20T07:21:21.566007 #1131]  INFO -- : Started DELETE "/carts/61" for ::1 at 2015-04-20 07:21:21 +0100
I, [2015-04-20T07:21:21.594652 #1131]  INFO -- : Processing by CartsController#destroy as HTML
I, [2015-04-20T07:21:21.594761 #1131]  INFO -- :   Parameters: {"authenticity_token"=>"qvtoW62Z+dAYRA2xbe1HRv86sxjmo/xJmyZK0W7qW+DLhwH2kCHq+jthV/meI92bJr3lRnDKi9BGuA4+Kp8NUw==", "id"=>"61"}
D, [2015-04-20T07:21:21.596383 #1131] DEBUG -- :   [1m[35mCart Load (0.2ms)[0m  SELECT  "carts".* FROM "carts" WHERE "carts"."id" = ? LIMIT 1  [["id", 61]]
D, [2015-04-20T07:21:21.597047 #1131] DEBUG -- :   [1m[36m (0.1ms)[0m  [1mbegin transaction[0m
D, [2015-04-20T07:21:21.598380 #1131] DEBUG -- :   [1m[35mLineItem Load (0.2ms)[0m  SELECT "line_items".* FROM "line_items" WHERE "line_items"."cart_id" = ?  [["cart_id", 61]]
D, [2015-04-20T07:21:21.615763 #1131] DEBUG -- :   [1m[36mSQL (16.0ms)[0m  [1mDELETE FROM "line_items" WHERE "line_items"."id" = ?[0m  [["id", 161]]
D, [2015-04-20T07:21:21.616561 #1131] DEBUG -- :   [1m[35mSQL (0.1ms)[0m  DELETE FROM "line_items" WHERE "line_items"."id" = ?  [["id", 162]]
D, [2015-04-20T07:21:21.617507 #1131] DEBUG -- :   [1m[36mSQL (0.2ms)[0m  [1mDELETE FROM "carts" WHERE "carts"."id" = ?[0m  [["id", 61]]
D, [2015-04-20T07:21:21.621612 #1131] DEBUG -- :   [1m[35m (3.8ms)[0m  commit transaction
I, [2015-04-20T07:21:21.622710 #1131]  INFO -- : Redirected to http://localhost:3000/
I, [2015-04-20T07:21:21.623177 #1131]  INFO -- : Completed 302 Found in 28ms (ActiveRecord: 20.5ms)
D, [2015-04-20T07:21:21.632400 #1131] DEBUG -- : 
D, [2015-04-20T07:21:21.632602 #1131] DEBUG -- : 
I, [2015-04-20T07:21:21.632831 #1131]  INFO -- : Started GET "/" for ::1 at 2015-04-20 07:21:21 +0100
I, [2015-04-20T07:21:21.638060 #1131]  INFO -- : Processing by StoreController#index as HTML
D, [2015-04-20T07:21:21.639159 #1131] DEBUG -- :   [1m[36mCart Load (0.2ms)[0m  [1mSELECT  "carts".* FROM "carts" WHERE "carts"."id" = ? LIMIT 1[0m  [["id", nil]]
D, [2015-04-20T07:21:21.639804 #1131] DEBUG -- :   [1m[35m (0.1ms)[0m  begin transaction
D, [2015-04-20T07:21:21.682612 #1131] DEBUG -- :   [1m[36mSQL (15.7ms)[0m  [1mINSERT INTO "carts" ("created_at", "updated_at") VALUES (?, ?)[0m  [["created_at", "2015-04-20 06:21:21.664129"], ["updated_at", "2015-04-20 06:21:21.664129"]]
D, [2015-04-20T07:21:21.686038 #1131] DEBUG -- :   [1m[35m (2.0ms)[0m  commit transaction
D, [2015-04-20T07:21:21.690227 #1131] DEBUG -- :   [1m[36mProduct Load (0.4ms)[0m  [1mSELECT  "products".* FROM "products"  ORDER BY "products"."updated_at" DESC LIMIT 1[0m
D, [2015-04-20T07:21:21.691520 #1131] DEBUG -- :   Cache digest for app/views/store/index.html.erb: a93d4e2e981ab3dfce98a095c3b6c059
I, [2015-04-20T07:21:21.692275 #1131]  INFO -- : Read fragment views/store/products/2-20141022062504570899000/a93d4e2e981ab3dfce98a095c3b6c059 (0.3ms)
I, [2015-04-20T07:21:21.692827 #1131]  INFO -- :   Rendered store/index.html.erb within layouts/application (3.4ms)
D, [2015-04-20T07:21:21.954040 #1131] DEBUG -- :   [1m[35mLineItem Exists (0.2ms)[0m  SELECT  1 AS one FROM "line_items" WHERE "line_items"."cart_id" = ? LIMIT 1  [["cart_id", 63]]
D, [2015-04-20T07:21:21.955630 #1131] DEBUG -- :   [1m[36mLineItem Load (0.1ms)[0m  [1mSELECT "line_items".* FROM "line_items" WHERE "line_items"."cart_id" = ?[0m  [["cart_id", 63]]
I, [2015-04-20T07:21:21.955955 #1131]  INFO -- :   Rendered collection (0.0ms)
I, [2015-04-20T07:21:21.957578 #1131]  INFO -- :   Rendered carts/_cart.html.erb (2.4ms)
I, [2015-04-20T07:21:21.958094 #1131]  INFO -- : Completed 200 OK in 320ms (Views: 270.5ms | ActiveRecord: 18.6ms)
D, [2015-04-20T07:21:22.109425 #1131] DEBUG -- : 
D, [2015-04-20T07:21:22.109605 #1131] DEBUG -- : 
I, [2015-04-20T07:21:22.110707 #1131]  INFO -- : Started GET "/assets/admin.css?body=1" for ::1 at 2015-04-20 07:21:22 +0100
D, [2015-04-20T07:21:22.125995 #1131] DEBUG -- : 
D, [2015-04-20T07:21:22.126482 #1131] DEBUG -- : 
I, [2015-04-20T07:21:22.127104 #1131]  INFO -- : Started GET "/assets/scaffolds.css?body=1" for ::1 at 2015-04-20 07:21:22 +0100
D, [2015-04-20T07:21:22.137303 #1131] DEBUG -- : 
D, [2015-04-20T07:21:22.139649 #1131] DEBUG -- : 
I, [2015-04-20T07:21:22.140014 #1131]  INFO -- : Started GET "/assets/products.css?body=1" for ::1 at 2015-04-20 07:21:22 +0100
D, [2015-04-20T07:21:22.147669 #1131] DEBUG -- : 
D, [2015-04-20T07:21:22.147861 #1131] DEBUG -- : 
I, [2015-04-20T07:21:22.148126 #1131]  INFO -- : Started GET "/assets/orders.css?body=1" for ::1 at 2015-04-20 07:21:22 +0100
D, [2015-04-20T07:21:22.153426 #1131] DEBUG -- : 
D, [2015-04-20T07:21:22.153534 #1131] DEBUG -- : 
I, [2015-04-20T07:21:22.153777 #1131]  INFO -- : Started GET "/assets/carts.css?body=1" for ::1 at 2015-04-20 07:21:22 +0100
D, [2015-04-20T07:21:22.165180 #1131] DEBUG -- : 
D, [2015-04-20T07:21:22.165305 #1131] DEBUG -- : 
I, [2015-04-20T07:21:22.166032 #1131]  INFO -- : Started GET "/assets/line_items.css?body=1" for ::1 at 2015-04-20 07:21:22 +0100
D, [2015-04-20T07:21:22.174827 #1131] DEBUG -- : 
D, [2015-04-20T07:21:22.177360 #1131] DEBUG -- : 
I, [2015-04-20T07:21:22.177649 #1131]  INFO -- : Started GET "/assets/static_pages.css?body=1" for ::1 at 2015-04-20 07:21:22 +0100
D, [2015-04-20T07:21:22.183156 #1131] DEBUG -- : 
D, [2015-04-20T07:21:22.183330 #1131] DEBUG -- : 
I, [2015-04-20T07:21:22.183693 #1131]  INFO -- : Started GET "/assets/sessions.css?body=1" for ::1 at 2015-04-20 07:21:22 +0100
D, [2015-04-20T07:21:22.215785 #1131] DEBUG -- : 
D, [2015-04-20T07:21:22.222144 #1131] DEBUG -- : 
I, [2015-04-20T07:21:22.222578 #1131]  INFO -- : Started GET "/assets/application.css?body=1" for ::1 at 2015-04-20 07:21:22 +0100
D, [2015-04-20T07:21:22.227871 #1131] DEBUG -- : 
D, [2015-04-20T07:21:22.228017 #1131] DEBUG -- : 
I, [2015-04-20T07:21:22.228273 #1131]  INFO -- : Started GET "/assets/jquery-ui/effect.js?body=1" for ::1 at 2015-04-20 07:21:22 +0100
D, [2015-04-20T07:21:22.238439 #1131] DEBUG -- : 
D, [2015-04-20T07:21:22.238569 #1131] DEBUG -- : 
I, [2015-04-20T07:21:22.238841 #1131]  INFO -- : Started GET "/assets/store.css?body=1" for ::1 at 2015-04-20 07:21:22 +0100
D, [2015-04-20T07:21:22.243574 #1131] DEBUG -- : 
D, [2015-04-20T07:21:22.243710 #1131] DEBUG -- : 
I, [2015-04-20T07:21:22.243928 #1131]  INFO -- : Started GET "/assets/jquery-ui/effect-blind.js?body=1" for ::1 at 2015-04-20 07:21:22 +0100
D, [2015-04-20T07:21:22.250044 #1131] DEBUG -- : 
D, [2015-04-20T07:21:22.251270 #1131] DEBUG -- : 
I, [2015-04-20T07:21:22.251635 #1131]  INFO -- : Started GET "/assets/users.css?body=1" for ::1 at 2015-04-20 07:21:22 +0100
D, [2015-04-20T07:21:22.264049 #1131] DEBUG -- : 
D, [2015-04-20T07:21:22.264183 #1131] DEBUG -- : 
I, [2015-04-20T07:21:22.264482 #1131]  INFO -- : Started GET "/assets/jquery.js?body=1" for ::1 at 2015-04-20 07:21:22 +0100
D, [2015-04-20T07:21:22.269869 #1131] DEBUG -- : 
D, [2015-04-20T07:21:22.270170 #1131] DEBUG -- : 
I, [2015-04-20T07:21:22.270678 #1131]  INFO -- : Started GET "/assets/jquery_ujs.js?body=1" for ::1 at 2015-04-20 07:21:22 +0100
D, [2015-04-20T07:21:22.276337 #1131] DEBUG -- : 
D, [2015-04-20T07:21:22.276484 #1131] DEBUG -- : 
I, [2015-04-20T07:21:22.276926 #1131]  INFO -- : Started GET "/assets/turbolinks.js?body=1" for ::1 at 2015-04-20 07:21:22 +0100
D, [2015-04-20T07:21:22.284357 #1131] DEBUG -- : 
D, [2015-04-20T07:21:22.284768 #1131] DEBUG -- : 
I, [2015-04-20T07:21:22.285052 #1131]  INFO -- : Started GET "/assets/carts.js?body=1" for ::1 at 2015-04-20 07:21:22 +0100
D, [2015-04-20T07:21:22.290574 #1131] DEBUG -- : 
D, [2015-04-20T07:21:22.293496 #1131] DEBUG -- : 
I, [2015-04-20T07:21:22.293861 #1131]  INFO -- : Started GET "/assets/admin.js?body=1" for ::1 at 2015-04-20 07:21:22 +0100
D, [2015-04-20T07:21:22.302552 #1131] DEBUG -- : 
D, [2015-04-20T07:21:22.304076 #1131] DEBUG -- : 
I, [2015-04-20T07:21:22.304428 #1131]  INFO -- : Started GET "/assets/line_items.js?body=1" for ::1 at 2015-04-20 07:21:22 +0100
D, [2015-04-20T07:21:22.313043 #1131] DEBUG -- : 
D, [2015-04-20T07:21:22.313258 #1131] DEBUG -- : 
I, [2015-04-20T07:21:22.313603 #1131]  INFO -- : Started GET "/assets/orders.js?body=1" for ::1 at 2015-04-20 07:21:22 +0100
D, [2015-04-20T07:21:22.355886 #1131] DEBUG -- : 
D, [2015-04-20T07:21:22.356040 #1131] DEBUG -- : 
I, [2015-04-20T07:21:22.356655 #1131]  INFO -- : Started GET "/assets/sessions.js?body=1" for ::1 at 2015-04-20 07:21:22 +0100
D, [2015-04-20T07:21:22.362294 #1131] DEBUG -- : 
D, [2015-04-20T07:21:22.362432 #1131] DEBUG -- : 
I, [2015-04-20T07:21:22.362903 #1131]  INFO -- : Started GET "/assets/products.js?body=1" for ::1 at 2015-04-20 07:21:22 +0100
D, [2015-04-20T07:21:22.372122 #1131] DEBUG -- : 
D, [2015-04-20T07:21:22.372289 #1131] DEBUG -- : 
I, [2015-04-20T07:21:22.372680 #1131]  INFO -- : Started GET "/assets/users.js?body=1" for ::1 at 2015-04-20 07:21:22 +0100
D, [2015-04-20T07:21:22.383702 #1131] DEBUG -- : 
D, [2015-04-20T07:21:22.383995 #1131] DEBUG -- : 
I, [2015-04-20T07:21:22.384320 #1131]  INFO -- : Started GET "/assets/camo%20print%20tee.jpg" for ::1 at 2015-04-20 07:21:22 +0100
D, [2015-04-20T07:21:22.401386 #1131] DEBUG -- : 
D, [2015-04-20T07:21:22.401703 #1131] DEBUG -- : 
I, [2015-04-20T07:21:22.403148 #1131]  INFO -- : Started GET "/assets/application.js?body=1" for ::1 at 2015-04-20 07:21:22 +0100
D, [2015-04-20T07:21:22.411734 #1131] DEBUG -- : 
D, [2015-04-20T07:21:22.412605 #1131] DEBUG -- : 
I, [2015-04-20T07:21:22.413098 #1131]  INFO -- : Started GET "/assets/store.js?body=1" for ::1 at 2015-04-20 07:21:22 +0100
D, [2015-04-20T07:21:22.419128 #1131] DEBUG -- : 
D, [2015-04-20T07:21:22.421585 #1131] DEBUG -- : 
I, [2015-04-20T07:21:22.422378 #1131]  INFO -- : Started GET "/assets/static_pages.js?body=1" for ::1 at 2015-04-20 07:21:22 +0100
D, [2015-04-20T07:21:22.432881 #1131] DEBUG -- : 
D, [2015-04-20T07:21:22.433052 #1131] DEBUG -- : 
I, [2015-04-20T07:21:22.433311 #1131]  INFO -- : Started GET "/assets/king%20logos.png" for ::1 at 2015-04-20 07:21:22 +0100
D, [2015-04-20T07:21:22.456688 #1131] DEBUG -- : 
D, [2015-04-20T07:21:22.457038 #1131] DEBUG -- : 
I, [2015-04-20T07:21:22.457230 #1131]  INFO -- : Started GET "/assets/est%202014%20tee.jpg" for ::1 at 2015-04-20 07:21:22 +0100
D, [2015-04-20T07:21:22.666693 #1131] DEBUG -- : 
D, [2015-04-20T07:21:22.666936 #1131] DEBUG -- : 
I, [2015-04-20T07:21:22.667189 #1131]  INFO -- : Started GET "/assets/king%20logos.png" for ::1 at 2015-04-20 07:21:22 +0100
D, [2015-04-20T07:21:34.235718 #1131] DEBUG -- : 
D, [2015-04-20T07:21:34.235892 #1131] DEBUG -- : 
I, [2015-04-20T07:21:34.236058 #1131]  INFO -- : Started GET "/" for ::1 at 2015-04-20 07:21:34 +0100
I, [2015-04-20T07:21:34.240996 #1131]  INFO -- : Processing by StoreController#index as HTML
D, [2015-04-20T07:21:34.243866 #1131] DEBUG -- :   [1m[35mCart Load (0.2ms)[0m  SELECT  "carts".* FROM "carts" WHERE "carts"."id" = ? LIMIT 1  [["id", 63]]
D, [2015-04-20T07:21:34.249134 #1131] DEBUG -- :   [1m[36mProduct Load (0.4ms)[0m  [1mSELECT  "products".* FROM "products"  ORDER BY "products"."updated_at" DESC LIMIT 1[0m
D, [2015-04-20T07:21:34.250488 #1131] DEBUG -- :   Cache digest for app/views/store/index.html.erb: a93d4e2e981ab3dfce98a095c3b6c059
I, [2015-04-20T07:21:34.251212 #1131]  INFO -- : Read fragment views/store/products/2-20141022062504570899000/a93d4e2e981ab3dfce98a095c3b6c059 (0.2ms)
I, [2015-04-20T07:21:34.251509 #1131]  INFO -- :   Rendered store/index.html.erb within layouts/application (3.8ms)
D, [2015-04-20T07:21:34.517910 #1131] DEBUG -- :   [1m[35mLineItem Exists (0.2ms)[0m  SELECT  1 AS one FROM "line_items" WHERE "line_items"."cart_id" = ? LIMIT 1  [["cart_id", 63]]
D, [2015-04-20T07:21:34.519663 #1131] DEBUG -- :   [1m[36mLineItem Load (0.1ms)[0m  [1mSELECT "line_items".* FROM "line_items" WHERE "line_items"."cart_id" = ?[0m  [["cart_id", 63]]
I, [2015-04-20T07:21:34.519934 #1131]  INFO -- :   Rendered collection (0.0ms)
I, [2015-04-20T07:21:34.521809 #1131]  INFO -- :   Rendered carts/_cart.html.erb (2.6ms)
I, [2015-04-20T07:21:34.522238 #1131]  INFO -- : Completed 200 OK in 281ms (Views: 276.6ms | ActiveRecord: 0.8ms)
D, [2015-04-20T07:21:34.566822 #1131] DEBUG -- : 
D, [2015-04-20T07:21:34.566963 #1131] DEBUG -- : 
I, [2015-04-20T07:21:34.567287 #1131]  INFO -- : Started GET "/assets/king%20logos.png" for ::1 at 2015-04-20 07:21:34 +0100
D, [2015-04-20T07:22:46.944686 #1131] DEBUG -- : 
D, [2015-04-20T07:22:46.944771 #1131] DEBUG -- : 
I, [2015-04-20T07:22:46.944925 #1131]  INFO -- : Started GET "/" for ::1 at 2015-04-20 07:22:46 +0100
I, [2015-04-20T07:22:46.949138 #1131]  INFO -- : Processing by StoreController#index as HTML
D, [2015-04-20T07:22:46.950074 #1131] DEBUG -- :   [1m[35mCart Load (0.1ms)[0m  SELECT  "carts".* FROM "carts" WHERE "carts"."id" = ? LIMIT 1  [["id", 63]]
D, [2015-04-20T07:22:46.953109 #1131] DEBUG -- :   [1m[36mProduct Load (0.3ms)[0m  [1mSELECT  "products".* FROM "products"  ORDER BY "products"."updated_at" DESC LIMIT 1[0m
D, [2015-04-20T07:22:46.954119 #1131] DEBUG -- :   Cache digest for app/views/store/index.html.erb: a93d4e2e981ab3dfce98a095c3b6c059
I, [2015-04-20T07:22:46.954743 #1131]  INFO -- : Read fragment views/store/products/2-20141022062504570899000/a93d4e2e981ab3dfce98a095c3b6c059 (0.2ms)
I, [2015-04-20T07:22:46.954946 #1131]  INFO -- :   Rendered store/index.html.erb within layouts/application (2.6ms)
D, [2015-04-20T07:22:47.242525 #1131] DEBUG -- :   [1m[35mLineItem Exists (0.2ms)[0m  SELECT  1 AS one FROM "line_items" WHERE "line_items"."cart_id" = ? LIMIT 1  [["cart_id", 63]]
D, [2015-04-20T07:22:47.244092 #1131] DEBUG -- :   [1m[36mLineItem Load (0.1ms)[0m  [1mSELECT "line_items".* FROM "line_items" WHERE "line_items"."cart_id" = ?[0m  [["cart_id", 63]]
I, [2015-04-20T07:22:47.244365 #1131]  INFO -- :   Rendered collection (0.0ms)
I, [2015-04-20T07:22:47.245997 #1131]  INFO -- :   Rendered carts/_cart.html.erb (2.4ms)
I, [2015-04-20T07:22:47.246427 #1131]  INFO -- : Completed 200 OK in 297ms (Views: 295.1ms | ActiveRecord: 0.8ms)
D, [2015-04-20T07:22:47.355358 #1131] DEBUG -- : 
D, [2015-04-20T07:22:47.355452 #1131] DEBUG -- : 
I, [2015-04-20T07:22:47.356049 #1131]  INFO -- : Started GET "/assets/carts.css?body=1" for ::1 at 2015-04-20 07:22:47 +0100
D, [2015-04-20T07:22:47.365639 #1131] DEBUG -- : 
D, [2015-04-20T07:22:47.365749 #1131] DEBUG -- : 
I, [2015-04-20T07:22:47.366023 #1131]  INFO -- : Started GET "/assets/orders.css?body=1" for ::1 at 2015-04-20 07:22:47 +0100
D, [2015-04-20T07:22:47.378990 #1131] DEBUG -- : 
D, [2015-04-20T07:22:47.381027 #1131] DEBUG -- : 
I, [2015-04-20T07:22:47.381265 #1131]  INFO -- : Started GET "/assets/line_items.css?body=1" for ::1 at 2015-04-20 07:22:47 +0100
D, [2015-04-20T07:22:47.386926 #1131] DEBUG -- : 
D, [2015-04-20T07:22:47.387018 #1131] DEBUG -- : 
I, [2015-04-20T07:22:47.387308 #1131]  INFO -- : Started GET "/assets/products.css?body=1" for ::1 at 2015-04-20 07:22:47 +0100
D, [2015-04-20T07:22:47.396668 #1131] DEBUG -- : 
D, [2015-04-20T07:22:47.396781 #1131] DEBUG -- : 
I, [2015-04-20T07:22:47.404440 #1131]  INFO -- : Started GET "/assets/scaffolds.css?body=1" for ::1 at 2015-04-20 07:22:47 +0100
D, [2015-04-20T07:22:47.409609 #1131] DEBUG -- : 
D, [2015-04-20T07:22:47.409688 #1131] DEBUG -- : 
I, [2015-04-20T07:22:47.409966 #1131]  INFO -- : Started GET "/assets/sessions.css?body=1" for ::1 at 2015-04-20 07:22:47 +0100
D, [2015-04-20T07:22:47.414927 #1131] DEBUG -- : 
D, [2015-04-20T07:22:47.415013 #1131] DEBUG -- : 
I, [2015-04-20T07:22:47.417676 #1131]  INFO -- : Started GET "/assets/static_pages.css?body=1" for ::1 at 2015-04-20 07:22:47 +0100
D, [2015-04-20T07:22:47.425572 #1131] DEBUG -- : 
D, [2015-04-20T07:22:47.425671 #1131] DEBUG -- : 
I, [2015-04-20T07:22:47.425944 #1131]  INFO -- : Started GET "/assets/store.css?body=1" for ::1 at 2015-04-20 07:22:47 +0100
D, [2015-04-20T07:22:47.432382 #1131] DEBUG -- : 
D, [2015-04-20T07:22:47.432461 #1131] DEBUG -- : 
I, [2015-04-20T07:22:47.461266 #1131]  INFO -- : Started GET "/assets/users.css?body=1" for ::1 at 2015-04-20 07:22:47 +0100
D, [2015-04-20T07:22:47.467048 #1131] DEBUG -- : 
D, [2015-04-20T07:22:47.467129 #1131] DEBUG -- : 
I, [2015-04-20T07:22:47.467343 #1131]  INFO -- : Started GET "/assets/admin.css?body=1" for ::1 at 2015-04-20 07:22:47 +0100
D, [2015-04-20T07:22:47.474392 #1131] DEBUG -- : 
D, [2015-04-20T07:22:47.474474 #1131] DEBUG -- : 
I, [2015-04-20T07:22:47.474688 #1131]  INFO -- : Started GET "/assets/application.css?body=1" for ::1 at 2015-04-20 07:22:47 +0100
D, [2015-04-20T07:22:47.482890 #1131] DEBUG -- : 
D, [2015-04-20T07:22:47.482981 #1131] DEBUG -- : 
I, [2015-04-20T07:22:47.483232 #1131]  INFO -- : Started GET "/assets/jquery.js?body=1" for ::1 at 2015-04-20 07:22:47 +0100
D, [2015-04-20T07:22:47.490654 #1131] DEBUG -- : 
D, [2015-04-20T07:22:47.490740 #1131] DEBUG -- : 
I, [2015-04-20T07:22:47.490975 #1131]  INFO -- : Started GET "/assets/jquery-ui/effect.js?body=1" for ::1 at 2015-04-20 07:22:47 +0100
D, [2015-04-20T07:22:47.501241 #1131] DEBUG -- : 
D, [2015-04-20T07:22:47.501331 #1131] DEBUG -- : 
I, [2015-04-20T07:22:47.501574 #1131]  INFO -- : Started GET "/assets/jquery-ui/effect-blind.js?body=1" for ::1 at 2015-04-20 07:22:47 +0100
D, [2015-04-20T07:22:47.507407 #1131] DEBUG -- : 
D, [2015-04-20T07:22:47.507496 #1131] DEBUG -- : 
I, [2015-04-20T07:22:47.507868 #1131]  INFO -- : Started GET "/assets/jquery_ujs.js?body=1" for ::1 at 2015-04-20 07:22:47 +0100
D, [2015-04-20T07:22:47.515479 #1131] DEBUG -- : 
D, [2015-04-20T07:22:47.515594 #1131] DEBUG -- : 
I, [2015-04-20T07:22:47.515926 #1131]  INFO -- : Started GET "/assets/admin.js?body=1" for ::1 at 2015-04-20 07:22:47 +0100
D, [2015-04-20T07:22:47.528234 #1131] DEBUG -- : 
D, [2015-04-20T07:22:47.528358 #1131] DEBUG -- : 
I, [2015-04-20T07:22:47.528573 #1131]  INFO -- : Started GET "/assets/turbolinks.js?body=1" for ::1 at 2015-04-20 07:22:47 +0100
D, [2015-04-20T07:22:47.533670 #1131] DEBUG -- : 
D, [2015-04-20T07:22:47.533750 #1131] DEBUG -- : 
I, [2015-04-20T07:22:47.533970 #1131]  INFO -- : Started GET "/assets/carts.js?body=1" for ::1 at 2015-04-20 07:22:47 +0100
D, [2015-04-20T07:22:47.539908 #1131] DEBUG -- : 
D, [2015-04-20T07:22:47.539991 #1131] DEBUG -- : 
I, [2015-04-20T07:22:47.540233 #1131]  INFO -- : Started GET "/assets/orders.js?body=1" for ::1 at 2015-04-20 07:22:47 +0100
D, [2015-04-20T07:22:47.547962 #1131] DEBUG -- : 
D, [2015-04-20T07:22:47.548050 #1131] DEBUG -- : 
I, [2015-04-20T07:22:47.548322 #1131]  INFO -- : Started GET "/assets/line_items.js?body=1" for ::1 at 2015-04-20 07:22:47 +0100
D, [2015-04-20T07:22:47.553387 #1131] DEBUG -- : 
D, [2015-04-20T07:22:47.553502 #1131] DEBUG -- : 
I, [2015-04-20T07:22:47.553746 #1131]  INFO -- : Started GET "/assets/products.js?body=1" for ::1 at 2015-04-20 07:22:47 +0100
D, [2015-04-20T07:22:47.563845 #1131] DEBUG -- : 
D, [2015-04-20T07:22:47.563938 #1131] DEBUG -- : 
I, [2015-04-20T07:22:47.564400 #1131]  INFO -- : Started GET "/assets/sessions.js?body=1" for ::1 at 2015-04-20 07:22:47 +0100
D, [2015-04-20T07:22:47.571530 #1131] DEBUG -- : 
D, [2015-04-20T07:22:47.571616 #1131] DEBUG -- : 
I, [2015-04-20T07:22:47.571856 #1131]  INFO -- : Started GET "/assets/store.js?body=1" for ::1 at 2015-04-20 07:22:47 +0100
D, [2015-04-20T07:22:47.579175 #1131] DEBUG -- : 
D, [2015-04-20T07:22:47.579257 #1131] DEBUG -- : 
I, [2015-04-20T07:22:47.579539 #1131]  INFO -- : Started GET "/assets/static_pages.js?body=1" for ::1 at 2015-04-20 07:22:47 +0100
D, [2015-04-20T07:22:47.585080 #1131] DEBUG -- : 
D, [2015-04-20T07:22:47.585176 #1131] DEBUG -- : 
I, [2015-04-20T07:22:47.585409 #1131]  INFO -- : Started GET "/assets/application.js?body=1" for ::1 at 2015-04-20 07:22:47 +0100
D, [2015-04-20T07:22:47.590583 #1131] DEBUG -- : 
D, [2015-04-20T07:22:47.590663 #1131] DEBUG -- : 
I, [2015-04-20T07:22:47.590910 #1131]  INFO -- : Started GET "/assets/users.js?body=1" for ::1 at 2015-04-20 07:22:47 +0100
D, [2015-04-20T07:22:47.596427 #1131] DEBUG -- : 
D, [2015-04-20T07:22:47.596512 #1131] DEBUG -- : 
I, [2015-04-20T07:22:47.596672 #1131]  INFO -- : Started GET "/assets/camo%20print%20tee.jpg" for ::1 at 2015-04-20 07:22:47 +0100
D, [2015-04-20T07:22:47.608811 #1131] DEBUG -- : 
D, [2015-04-20T07:22:47.608918 #1131] DEBUG -- : 
I, [2015-04-20T07:22:47.609076 #1131]  INFO -- : Started GET "/assets/king%20logos.png" for ::1 at 2015-04-20 07:22:47 +0100
D, [2015-04-20T07:22:47.620651 #1131] DEBUG -- : 
D, [2015-04-20T07:22:47.620734 #1131] DEBUG -- : 
I, [2015-04-20T07:22:47.620883 #1131]  INFO -- : Started GET "/assets/est%202014%20tee.jpg" for ::1 at 2015-04-20 07:22:47 +0100
D, [2015-04-20T07:22:47.899009 #1131] DEBUG -- : 
D, [2015-04-20T07:22:47.899098 #1131] DEBUG -- : 
I, [2015-04-20T07:22:47.899236 #1131]  INFO -- : Started GET "/assets/king%20logos.png" for ::1 at 2015-04-20 07:22:47 +0100
D, [2015-04-20T07:24:07.017363 #1131] DEBUG -- : 
D, [2015-04-20T07:24:07.017455 #1131] DEBUG -- : 
I, [2015-04-20T07:24:07.017620 #1131]  INFO -- : Started GET "/" for ::1 at 2015-04-20 07:24:07 +0100
I, [2015-04-20T07:24:07.022949 #1131]  INFO -- : Processing by StoreController#index as HTML
D, [2015-04-20T07:24:07.023975 #1131] DEBUG -- :   [1m[35mCart Load (0.2ms)[0m  SELECT  "carts".* FROM "carts" WHERE "carts"."id" = ? LIMIT 1  [["id", 63]]
D, [2015-04-20T07:24:07.027399 #1131] DEBUG -- :   [1m[36mProduct Load (0.3ms)[0m  [1mSELECT  "products".* FROM "products"  ORDER BY "products"."updated_at" DESC LIMIT 1[0m
D, [2015-04-20T07:24:07.028622 #1131] DEBUG -- :   Cache digest for app/views/store/index.html.erb: a93d4e2e981ab3dfce98a095c3b6c059
I, [2015-04-20T07:24:07.029332 #1131]  INFO -- : Read fragment views/store/products/2-20141022062504570899000/a93d4e2e981ab3dfce98a095c3b6c059 (0.2ms)
I, [2015-04-20T07:24:07.029578 #1131]  INFO -- :   Rendered store/index.html.erb within layouts/application (3.1ms)
D, [2015-04-20T07:24:07.313178 #1131] DEBUG -- :   [1m[35mLineItem Exists (0.2ms)[0m  SELECT  1 AS one FROM "line_items" WHERE "line_items"."cart_id" = ? LIMIT 1  [["cart_id", 63]]
D, [2015-04-20T07:24:07.314697 #1131] DEBUG -- :   [1m[36mLineItem Load (0.1ms)[0m  [1mSELECT "line_items".* FROM "line_items" WHERE "line_items"."cart_id" = ?[0m  [["cart_id", 63]]
I, [2015-04-20T07:24:07.314967 #1131]  INFO -- :   Rendered collection (0.0ms)
I, [2015-04-20T07:24:07.316936 #1131]  INFO -- :   Rendered carts/_cart.html.erb (2.2ms)
I, [2015-04-20T07:24:07.317425 #1131]  INFO -- : Completed 200 OK in 294ms (Views: 292.2ms | ActiveRecord: 0.8ms)
D, [2015-04-20T07:24:07.447073 #1131] DEBUG -- : 
D, [2015-04-20T07:24:07.457057 #1131] DEBUG -- : 
I, [2015-04-20T07:24:07.457388 #1131]  INFO -- : Started GET "/assets/carts.css?body=1" for ::1 at 2015-04-20 07:24:07 +0100
D, [2015-04-20T07:24:07.462493 #1131] DEBUG -- : 
D, [2015-04-20T07:24:07.462571 #1131] DEBUG -- : 
I, [2015-04-20T07:24:07.462788 #1131]  INFO -- : Started GET "/assets/line_items.css?body=1" for ::1 at 2015-04-20 07:24:07 +0100
D, [2015-04-20T07:24:07.470477 #1131] DEBUG -- : 
D, [2015-04-20T07:24:07.470555 #1131] DEBUG -- : 
I, [2015-04-20T07:24:07.471025 #1131]  INFO -- : Started GET "/assets/orders.css?body=1" for ::1 at 2015-04-20 07:24:07 +0100
D, [2015-04-20T07:24:07.476829 #1131] DEBUG -- : 
D, [2015-04-20T07:24:07.476907 #1131] DEBUG -- : 
I, [2015-04-20T07:24:07.477154 #1131]  INFO -- : Started GET "/assets/products.css?body=1" for ::1 at 2015-04-20 07:24:07 +0100
D, [2015-04-20T07:24:07.482121 #1131] DEBUG -- : 
D, [2015-04-20T07:24:07.482199 #1131] DEBUG -- : 
I, [2015-04-20T07:24:07.487559 #1131]  INFO -- : Started GET "/assets/scaffolds.css?body=1" for ::1 at 2015-04-20 07:24:07 +0100
D, [2015-04-20T07:24:07.495440 #1131] DEBUG -- : 
D, [2015-04-20T07:24:07.495585 #1131] DEBUG -- : 
I, [2015-04-20T07:24:07.495851 #1131]  INFO -- : Started GET "/assets/sessions.css?body=1" for ::1 at 2015-04-20 07:24:07 +0100
D, [2015-04-20T07:24:07.511283 #1131] DEBUG -- : 
D, [2015-04-20T07:24:07.511368 #1131] DEBUG -- : 
I, [2015-04-20T07:24:07.513812 #1131]  INFO -- : Started GET "/assets/admin.css?body=1" for ::1 at 2015-04-20 07:24:07 +0100
D, [2015-04-20T07:24:07.549222 #1131] DEBUG -- : 
D, [2015-04-20T07:24:07.549308 #1131] DEBUG -- : 
I, [2015-04-20T07:24:07.549528 #1131]  INFO -- : Started GET "/assets/application.css?body=1" for ::1 at 2015-04-20 07:24:07 +0100
D, [2015-04-20T07:24:07.560627 #1131] DEBUG -- : 
D, [2015-04-20T07:24:07.560713 #1131] DEBUG -- : 
I, [2015-04-20T07:24:07.560957 #1131]  INFO -- : Started GET "/assets/store.css?body=1" for ::1 at 2015-04-20 07:24:07 +0100
D, [2015-04-20T07:24:07.576468 #1131] DEBUG -- : 
D, [2015-04-20T07:24:07.576588 #1131] DEBUG -- : 
I, [2015-04-20T07:24:07.576851 #1131]  INFO -- : Started GET "/assets/jquery.js?body=1" for ::1 at 2015-04-20 07:24:07 +0100
D, [2015-04-20T07:24:07.581797 #1131] DEBUG -- : 
D, [2015-04-20T07:24:07.582320 #1131] DEBUG -- : 
I, [2015-04-20T07:24:07.582868 #1131]  INFO -- : Started GET "/assets/jquery-ui/effect.js?body=1" for ::1 at 2015-04-20 07:24:07 +0100
D, [2015-04-20T07:24:07.589940 #1131] DEBUG -- : 
D, [2015-04-20T07:24:07.590021 #1131] DEBUG -- : 
I, [2015-04-20T07:24:07.590332 #1131]  INFO -- : Started GET "/assets/static_pages.css?body=1" for ::1 at 2015-04-20 07:24:07 +0100
D, [2015-04-20T07:24:07.598537 #1131] DEBUG -- : 
D, [2015-04-20T07:24:07.598626 #1131] DEBUG -- : 
I, [2015-04-20T07:24:07.598852 #1131]  INFO -- : Started GET "/assets/users.css?body=1" for ::1 at 2015-04-20 07:24:07 +0100
D, [2015-04-20T07:24:07.606984 #1131] DEBUG -- : 
D, [2015-04-20T07:24:07.607101 #1131] DEBUG -- : 
I, [2015-04-20T07:24:07.607374 #1131]  INFO -- : Started GET "/assets/jquery-ui/effect-blind.js?body=1" for ::1 at 2015-04-20 07:24:07 +0100
D, [2015-04-20T07:24:07.622143 #1131] DEBUG -- : 
D, [2015-04-20T07:24:07.622256 #1131] DEBUG -- : 
I, [2015-04-20T07:24:07.622495 #1131]  INFO -- : Started GET "/assets/jquery_ujs.js?body=1" for ::1 at 2015-04-20 07:24:07 +0100
D, [2015-04-20T07:24:07.633337 #1131] DEBUG -- : 
D, [2015-04-20T07:24:07.633416 #1131] DEBUG -- : 
I, [2015-04-20T07:24:07.633636 #1131]  INFO -- : Started GET "/assets/turbolinks.js?body=1" for ::1 at 2015-04-20 07:24:07 +0100
D, [2015-04-20T07:24:07.646997 #1131] DEBUG -- : 
D, [2015-04-20T07:24:07.647142 #1131] DEBUG -- : 
I, [2015-04-20T07:24:07.647581 #1131]  INFO -- : Started GET "/assets/admin.js?body=1" for ::1 at 2015-04-20 07:24:07 +0100
D, [2015-04-20T07:24:07.652248 #1131] DEBUG -- : 
D, [2015-04-20T07:24:07.652334 #1131] DEBUG -- : 
I, [2015-04-20T07:24:07.652571 #1131]  INFO -- : Started GET "/assets/carts.js?body=1" for ::1 at 2015-04-20 07:24:07 +0100
D, [2015-04-20T07:24:07.657287 #1131] DEBUG -- : 
D, [2015-04-20T07:24:07.657371 #1131] DEBUG -- : 
I, [2015-04-20T07:24:07.657607 #1131]  INFO -- : Started GET "/assets/line_items.js?body=1" for ::1 at 2015-04-20 07:24:07 +0100
D, [2015-04-20T07:24:07.665055 #1131] DEBUG -- : 
D, [2015-04-20T07:24:07.665139 #1131] DEBUG -- : 
I, [2015-04-20T07:24:07.665371 #1131]  INFO -- : Started GET "/assets/orders.js?body=1" for ::1 at 2015-04-20 07:24:07 +0100
D, [2015-04-20T07:24:07.689585 #1131] DEBUG -- : 
D, [2015-04-20T07:24:07.689684 #1131] DEBUG -- : 
I, [2015-04-20T07:24:07.689930 #1131]  INFO -- : Started GET "/assets/sessions.js?body=1" for ::1 at 2015-04-20 07:24:07 +0100
D, [2015-04-20T07:24:07.695885 #1131] DEBUG -- : 
D, [2015-04-20T07:24:07.695966 #1131] DEBUG -- : 
I, [2015-04-20T07:24:07.696177 #1131]  INFO -- : Started GET "/assets/products.js?body=1" for ::1 at 2015-04-20 07:24:07 +0100
D, [2015-04-20T07:24:07.701556 #1131] DEBUG -- : 
D, [2015-04-20T07:24:07.701839 #1131] DEBUG -- : 
I, [2015-04-20T07:24:07.702066 #1131]  INFO -- : Started GET "/assets/static_pages.js?body=1" for ::1 at 2015-04-20 07:24:07 +0100
D, [2015-04-20T07:24:07.707288 #1131] DEBUG -- : 
D, [2015-04-20T07:24:07.707660 #1131] DEBUG -- : 
I, [2015-04-20T07:24:07.707952 #1131]  INFO -- : Started GET "/assets/users.js?body=1" for ::1 at 2015-04-20 07:24:07 +0100
D, [2015-04-20T07:24:07.714876 #1131] DEBUG -- : 
D, [2015-04-20T07:24:07.714963 #1131] DEBUG -- : 
I, [2015-04-20T07:24:07.715620 #1131]  INFO -- : Started GET "/assets/store.js?body=1" for ::1 at 2015-04-20 07:24:07 +0100
D, [2015-04-20T07:24:07.721932 #1131] DEBUG -- : 
D, [2015-04-20T07:24:07.722072 #1131] DEBUG -- : 
I, [2015-04-20T07:24:07.722315 #1131]  INFO -- : Started GET "/assets/application.js?body=1" for ::1 at 2015-04-20 07:24:07 +0100
D, [2015-04-20T07:24:07.729472 #1131] DEBUG -- : 
D, [2015-04-20T07:24:07.729554 #1131] DEBUG -- : 
I, [2015-04-20T07:24:07.729696 #1131]  INFO -- : Started GET "/assets/camo%20print%20tee.jpg" for ::1 at 2015-04-20 07:24:07 +0100
D, [2015-04-20T07:24:07.741176 #1131] DEBUG -- : 
D, [2015-04-20T07:24:07.741258 #1131] DEBUG -- : 
I, [2015-04-20T07:24:07.741430 #1131]  INFO -- : Started GET "/assets/king%20logos.png" for ::1 at 2015-04-20 07:24:07 +0100
D, [2015-04-20T07:24:07.755268 #1131] DEBUG -- : 
D, [2015-04-20T07:24:07.755350 #1131] DEBUG -- : 
I, [2015-04-20T07:24:07.755489 #1131]  INFO -- : Started GET "/assets/est%202014%20tee.jpg" for ::1 at 2015-04-20 07:24:07 +0100
D, [2015-04-20T07:24:07.965596 #1131] DEBUG -- : 
D, [2015-04-20T07:24:07.965681 #1131] DEBUG -- : 
I, [2015-04-20T07:24:07.965831 #1131]  INFO -- : Started GET "/assets/king%20logos.png" for ::1 at 2015-04-20 07:24:07 +0100
